# Design Explorer: Shortcut to "C:\fpga\projects\FxBox\adc_controller_sim\adc_controller_sim.aws" design added.
designverincludedir -clear
designverlibrarysim -PL -clear
designverlibrarysim -L -clear
designverlibrarysim -PL pmi_work
designverlibrarysim ovi_machxo2
designverdefinemacro -clear
addfile C:/fpga/projects/FxBox/src/pkg/fxbox_pkg.vhd
# Adding file C:\fpga\projects\FxBox\src\pkg\fxbox_pkg.vhd ... Done
addfile C:/fpga/projects/FxBox/adc_controller.vhd
# Adding file C:\fpga\projects\FxBox\adc_controller.vhd ... Done
addfile C:/fpga/projects/FxBox/adc_controller_tb.vhd
# Adding file C:\fpga\projects\FxBox\adc_controller_tb.vhd ... Done
vlib C:/fpga/projects/FxBox/adc_controller_sim/work
# Adding library O.K.
adel -all
# Library contents cleared.
vcom -dbg -work work C:/fpga/projects/FxBox/src/pkg/fxbox_pkg.vhd
# File: C:\fpga\projects\FxBox\src\pkg\fxbox_pkg.vhd
# Compile Package "fxbox_pkg"
# Compile Package Body "fxbox_pkg"
# Compile success 0 Errors 0 Warnings  Analysis time :  78.0 [ms]
vcom -dbg -work work C:/fpga/projects/FxBox/adc_controller.vhd
# File: C:\fpga\projects\FxBox\adc_controller.vhd
# Compile Entity "adc_controller"
# Compile Architecture "rtl" of Entity "adc_controller"
# Compile success 0 Errors 0 Warnings  Analysis time :  0.2 [s]
vcom -dbg -work work C:/fpga/projects/FxBox/adc_controller_tb.vhd
# File: C:\fpga\projects\FxBox\adc_controller_tb.vhd
# Compile Entity "testbench"
# Compile Architecture "tb" of Entity "testbench"
# Compile success 0 Errors 0 Warnings  Analysis time :  0.1 [s]
entity testbench
# ELBREAD: Elaboration process.
# ELBREAD: Elaboration time 0.0 [s].
vsim +access +r testbench -PL pmi_work -L ovi_machxo2
# ELBREAD: Elaboration process.
# ELBREAD: Elaboration time 0.0 [s].
# VSIM: Stack memory: 32MB
# VSIM: Retval memory: 32MB
# 
# KERNEL: Main thread initiated.
# KERNEL: Kernel process initialization phase.
# KERNEL: Time resolution set to 1ps.
# ELAB2: Elaboration final pass...
# ELAB2: Create instances ...
# ELAB2: Create instances complete.
# SLP: Started
# SLP: Elaboration phase ...
# SLP: Elaboration phase ... skipped, nothing to simulate in SLP mode : 0.0 [s]
# SLP: Finished : 0.0 [s]
# ELAB2: Elaboration final pass complete - time: 0.0 [s].
# KERNEL: Warning: You are using the Active-HDL Lattice Edition. The performance of simulation is running at a reduced rate.
# KERNEL: Warning: Contact Aldec for available upgrade options - sales@aldec.com.
# KERNEL: Kernel process initialization done.
# Allocation: Simulator allocated 7122 kB (elbread=1280 elab2=5691 kernel=150 sdf=0)
# KERNEL: ASDB file was created in location C:\fpga\projects\FxBox\adc_controller_sim\src\wave.asdb
#  7:19 PM, Wednesday, September 12, 2018
#  Simulation has been initialized
add wave *
# 16 signal(s) traced.
run 1000ns
# Waveform file 'untitled.awc' connected to 'C:/fpga/projects/FxBox/adc_controller_sim/src/wave.asdb'.
# KERNEL: stopped at time: 1 us
# KERNEL: Simulation has finished. There are no more test vectors to simulate.
# 3 signal(s) traced.
restart
# ELBREAD: Elaboration process.
# ELBREAD: Elaboration time 0.0 [s].
# 
# KERNEL: Main thread initiated.
# KERNEL: Kernel process initialization phase.
# KERNEL: Time resolution set to 1ps.
# ELAB2: Elaboration final pass...
# ELAB2: Create instances ...
# ELAB2: Create instances complete.
# SLP: Started
# SLP: Elaboration phase ...
# SLP: Elaboration phase ... skipped, nothing to simulate in SLP mode : 0.0 [s]
# SLP: Finished : 0.0 [s]
# ELAB2: Elaboration final pass complete - time: 0.0 [s].
# KERNEL: Warning: You are using the Active-HDL Lattice Edition. The performance of simulation is running at a reduced rate.
# KERNEL: Warning: Contact Aldec for available upgrade options - sales@aldec.com.
# KERNEL: Kernel process initialization done.
# Allocation: Simulator allocated 7122 kB (elbread=1280 elab2=5691 kernel=150 sdf=0)
# KERNEL: ASDB file was created in location C:\fpga\projects\FxBox\adc_controller_sim\src\wave.asdb
#  7:20 PM, Wednesday, September 12, 2018
#  Simulation has been initialized
# Waveform file 'untitled.awc' connected to 'C:/fpga/projects/FxBox/adc_controller_sim/src/wave.asdb'.
run 500 ns
# KERNEL: stopped at time: 500 ns
# KERNEL: Simulation has finished. There are no more test vectors to simulate.
restart
# ELBREAD: Elaboration process.
# ELBREAD: Elaboration time 0.0 [s].
# 
# KERNEL: Main thread initiated.
# KERNEL: Kernel process initialization phase.
# KERNEL: Time resolution set to 1ps.
# ELAB2: Elaboration final pass...
# ELAB2: Create instances ...
# ELAB2: Create instances complete.
# SLP: Started
# SLP: Elaboration phase ...
# SLP: Elaboration phase ... skipped, nothing to simulate in SLP mode : 0.0 [s]
# SLP: Finished : 0.0 [s]
# ELAB2: Elaboration final pass complete - time: 0.0 [s].
# KERNEL: Warning: You are using the Active-HDL Lattice Edition. The performance of simulation is running at a reduced rate.
# KERNEL: Warning: Contact Aldec for available upgrade options - sales@aldec.com.
# KERNEL: Kernel process initialization done.
# Allocation: Simulator allocated 7122 kB (elbread=1280 elab2=5691 kernel=150 sdf=0)
# KERNEL: ASDB file was created in location C:\fpga\projects\FxBox\adc_controller_sim\src\wave.asdb
#  7:22 PM, Wednesday, September 12, 2018
#  Simulation has been initialized
# Waveform file 'untitled.awc' connected to 'C:/fpga/projects/FxBox/adc_controller_sim/src/wave.asdb'.
run 500 ns
acom -O3 -e 100 -work work -2002  $dsn/../adc_controller_tb.vhd
# Warning: DAGGEN_0523: The source is compiled without the -dbg switch. Line breakpoints and assertion debug will not be available.
# File: C:\fpga\projects\FxBox\adc_controller_sim\..\adc_controller_tb.vhd
# Compile Entity "testbench"
# Compile Architecture "tb" of Entity "testbench"
# Compile success 0 Errors 0 Warnings  Analysis time :  0.1 [s]
# ELBREAD: Elaboration process.
# ELBREAD: Elaboration time 0.0 [s].
# 
# KERNEL: Main thread initiated.
# KERNEL: Kernel process initialization phase.
# KERNEL: Time resolution set to 1ps.
# ELAB2: Elaboration final pass...
# ELAB2: Create instances ...
# ELAB2: Create instances complete.
# SLP: Started
# SLP: Elaboration phase ...
# SLP: Elaboration phase ... skipped, nothing to simulate in SLP mode : 0.0 [s]
# SLP: Finished : 0.0 [s]
# ELAB2: Elaboration final pass complete - time: 0.0 [s].
# KERNEL: Warning: You are using the Active-HDL Lattice Edition. The performance of simulation is running at a reduced rate.
# KERNEL: Warning: Contact Aldec for available upgrade options - sales@aldec.com.
# KERNEL: Kernel process initialization done.
# Allocation: Simulator allocated 7121 kB (elbread=1280 elab2=5690 kernel=150 sdf=0)
# KERNEL: ASDB file was created in location C:\fpga\projects\FxBox\adc_controller_sim\src\wave.asdb
#  7:22 PM, Wednesday, September 12, 2018
#  Simulation has been initialized
# Waveform file 'untitled.awc' connected to 'C:/fpga/projects/FxBox/adc_controller_sim/src/wave.asdb'.
run 500 ns
# KERNEL: stopped at time: 500 ns
run 500 ns
# KERNEL: stopped at time: 1 us
restart
# ELBREAD: Elaboration process.
# ELBREAD: Elaboration time 0.0 [s].
# 
# KERNEL: Main thread initiated.
# KERNEL: Kernel process initialization phase.
# KERNEL: Time resolution set to 1ps.
# ELAB2: Elaboration final pass...
# ELAB2: Create instances ...
# ELAB2: Create instances complete.
# SLP: Started
# SLP: Elaboration phase ...
# SLP: Elaboration phase ... skipped, nothing to simulate in SLP mode : 0.0 [s]
# SLP: Finished : 0.0 [s]
# ELAB2: Elaboration final pass complete - time: 0.0 [s].
# KERNEL: Warning: You are using the Active-HDL Lattice Edition. The performance of simulation is running at a reduced rate.
# KERNEL: Warning: Contact Aldec for available upgrade options - sales@aldec.com.
# KERNEL: Kernel process initialization done.
# Allocation: Simulator allocated 7121 kB (elbread=1280 elab2=5690 kernel=150 sdf=0)
# KERNEL: ASDB file was created in location C:\fpga\projects\FxBox\adc_controller_sim\src\wave.asdb
#  7:24 PM, Wednesday, September 12, 2018
#  Simulation has been initialized
# Waveform file 'untitled.awc' connected to 'C:/fpga/projects/FxBox/adc_controller_sim/src/wave.asdb'.
run 500 ns
acom -O3 -e 100 -work work -2002  $dsn/../adc_controller.vhd
# Warning: DAGGEN_0523: The source is compiled without the -dbg switch. Line breakpoints and assertion debug will not be available.
# File: C:\fpga\projects\FxBox\adc_controller_sim\..\adc_controller.vhd
# Compile Entity "adc_controller"
# Compile Architecture "rtl" of Entity "adc_controller"
# Compile success 0 Errors 0 Warnings  Analysis time :  0.1 [s]
# ELBREAD: Elaboration process.
# ELBREAD: Elaboration time 0.0 [s].
# 
# KERNEL: Main thread initiated.
# KERNEL: Kernel process initialization phase.
# KERNEL: Time resolution set to 1ps.
# ELAB2: Elaboration final pass...
# ELAB2: Create instances ...
# ELAB2: Create instances complete.
# SLP: Started
# SLP: Elaboration phase ...
# SLP: Elaboration phase ... skipped, nothing to simulate in SLP mode : 0.0 [s]
# SLP: Finished : 0.0 [s]
# ELAB2: Elaboration final pass complete - time: 0.0 [s].
# KERNEL: Warning: You are using the Active-HDL Lattice Edition. The performance of simulation is running at a reduced rate.
# KERNEL: Warning: Contact Aldec for available upgrade options - sales@aldec.com.
# KERNEL: Kernel process initialization done.
# Allocation: Simulator allocated 7118 kB (elbread=1280 elab2=5688 kernel=149 sdf=0)
# KERNEL: ASDB file was created in location C:\fpga\projects\FxBox\adc_controller_sim\src\wave.asdb
#  7:24 PM, Wednesday, September 12, 2018
#  Simulation has been initialized
# Waveform file 'untitled.awc' connected to 'C:/fpga/projects/FxBox/adc_controller_sim/src/wave.asdb'.
run 500 ns
# KERNEL: stopped at time: 500 ns
run 500 ns
# KERNEL: stopped at time: 1 us
restart
# ELBREAD: Elaboration process.
# ELBREAD: Elaboration time 0.0 [s].
# 
# KERNEL: Main thread initiated.
# KERNEL: Kernel process initialization phase.
# KERNEL: Time resolution set to 1ps.
# ELAB2: Elaboration final pass...
# ELAB2: Create instances ...
# ELAB2: Create instances complete.
# SLP: Started
# SLP: Elaboration phase ...
# SLP: Elaboration phase ... skipped, nothing to simulate in SLP mode : 0.0 [s]
# SLP: Finished : 0.0 [s]
# ELAB2: Elaboration final pass complete - time: 0.0 [s].
# KERNEL: Warning: You are using the Active-HDL Lattice Edition. The performance of simulation is running at a reduced rate.
# KERNEL: Warning: Contact Aldec for available upgrade options - sales@aldec.com.
# KERNEL: Kernel process initialization done.
# Allocation: Simulator allocated 7118 kB (elbread=1280 elab2=5688 kernel=149 sdf=0)
# KERNEL: ASDB file was created in location C:\fpga\projects\FxBox\adc_controller_sim\src\wave.asdb
#  7:25 PM, Wednesday, September 12, 2018
#  Simulation has been initialized
# Waveform file 'untitled.awc' connected to 'C:/fpga/projects/FxBox/adc_controller_sim/src/wave.asdb'.
run 10000 ns
# KERNEL: stopped at time: 10 us
run 10000 ns
# KERNEL: stopped at time: 20 us
run 10000 ns
# KERNEL: stopped at time: 30 us
restart
# ELBREAD: Elaboration process.
# ELBREAD: Elaboration time 0.0 [s].
# 
# KERNEL: Main thread initiated.
# KERNEL: Kernel process initialization phase.
# KERNEL: Time resolution set to 1ps.
# ELAB2: Elaboration final pass...
# ELAB2: Create instances ...
# ELAB2: Create instances complete.
# SLP: Started
# SLP: Elaboration phase ...
# SLP: Elaboration phase ... skipped, nothing to simulate in SLP mode : 0.0 [s]
# SLP: Finished : 0.0 [s]
# ELAB2: Elaboration final pass complete - time: 0.0 [s].
# KERNEL: Warning: You are using the Active-HDL Lattice Edition. The performance of simulation is running at a reduced rate.
# KERNEL: Warning: Contact Aldec for available upgrade options - sales@aldec.com.
# KERNEL: Kernel process initialization done.
# Allocation: Simulator allocated 7118 kB (elbread=1280 elab2=5688 kernel=149 sdf=0)
# KERNEL: ASDB file was created in location C:\fpga\projects\FxBox\adc_controller_sim\src\wave.asdb
#  12:46 AM, Thursday, September 13, 2018
#  Simulation has been initialized
# Waveform file 'untitled.awc' connected to 'C:/fpga/projects/FxBox/adc_controller_sim/src/wave.asdb'.
run 10000 ns
# KERNEL: stopped at time: 10 us
run 10000 ns
# KERNEL: stopped at time: 20 us
