designverincludedir -clear
designverlibrarysim -PL -clear
designverlibrarysim -L -clear
designverlibrarysim -PL pmi_work
designverlibrarysim ovi_machxo2
designverdefinemacro -clear
addfile C:/fpga/projects/FxBox/src/pkg/fxbox_pkg.vhd
# Adding file C:\fpga\projects\FxBox\src\pkg\fxbox_pkg.vhd ... Done
addfile C:/fpga/projects/FxBox/i2s_slave.vhd
# Adding file C:\fpga\projects\FxBox\i2s_slave.vhd ... Done
addfile C:/fpga/projects/FxBox/i2s_slave_tb.vhd
# Adding file C:\fpga\projects\FxBox\i2s_slave_tb.vhd ... Done
vlib C:/fpga/projects/FxBox/i2s_slave_sim/work
# Warning: Library work already exists
adel -all
# Library contents cleared.
vcom -dbg -work work C:/fpga/projects/FxBox/src/pkg/fxbox_pkg.vhd
# File: C:\fpga\projects\FxBox\src\pkg\fxbox_pkg.vhd
# Compile Package "fxbox_pkg"
# Compile Package Body "fxbox_pkg"
# Compile success 0 Errors 0 Warnings  Analysis time :  32.0 [ms]
vcom -dbg -work work C:/fpga/projects/FxBox/i2s_slave.vhd
# File: C:\fpga\projects\FxBox\i2s_slave.vhd
# Compile Entity "i2s_slave"
# Compile Architecture "rtl" of Entity "i2s_slave"
# Compile success 0 Errors 0 Warnings  Analysis time :  94.0 [ms]
vcom -dbg -work work C:/fpga/projects/FxBox/i2s_slave_tb.vhd
# File: C:\fpga\projects\FxBox\i2s_slave_tb.vhd
# Compile Entity "testbench"
# Compile Architecture "tb" of Entity "testbench"
# Compile success 0 Errors 0 Warnings  Analysis time :  93.0 [ms]
entity testbench
# ELBREAD: Elaboration process.
# ELBREAD: Elaboration time 0.0 [s].
vsim +access +r testbench -PL pmi_work -L ovi_machxo2
# ELBREAD: Elaboration process.
# ELBREAD: Elaboration time 0.0 [s].
# VSIM: Stack memory: 32MB
# VSIM: Retval memory: 32MB
# 
# KERNEL: Main thread initiated.
# KERNEL: Kernel process initialization phase.
# KERNEL: Time resolution set to 1ps.
# ELAB2: Elaboration final pass...
# ELAB2: Create instances ...
# ELAB2: Create instances complete.
# SLP: Started
# SLP: Elaboration phase ...
# SLP: Elaboration phase ... skipped, nothing to simulate in SLP mode : 0.0 [s]
# SLP: Finished : 0.0 [s]
# ELAB2: Elaboration final pass complete - time: 0.0 [s].
# KERNEL: Warning: You are using the Active-HDL Lattice Edition. The performance of simulation is running at a reduced rate.
# KERNEL: Warning: Contact Aldec for available upgrade options - sales@aldec.com.
# KERNEL: Kernel process initialization done.
# Allocation: Simulator allocated 7293 kB (elbread=1280 elab2=5860 kernel=152 sdf=0)
# KERNEL: ASDB file was created in location C:\fpga\projects\FxBox\i2s_slave_sim\src\wave.asdb
#  11:49 AM, Tuesday, September 25, 2018
#  Simulation has been initialized
add wave *
# 7 signal(s) traced.
run 1000ns
# Waveform file 'untitled.awc' connected to 'C:/fpga/projects/FxBox/i2s_slave_sim/src/wave.asdb'.
# KERNEL: WARNING: NUMERIC_STD.TO_INTEGER: metavalue detected, returning 0
# KERNEL: Time: 0 ps,  Iteration: 0,  Instance: /testbench/I2SS,  Process: line__159.
# KERNEL: stopped at time: 1 us
restart
# ELBREAD: Elaboration process.
# ELBREAD: Elaboration time 0.0 [s].
# 
# KERNEL: Main thread initiated.
# KERNEL: Kernel process initialization phase.
# KERNEL: Time resolution set to 1ps.
# ELAB2: Elaboration final pass...
# ELAB2: Create instances ...
# ELAB2: Create instances complete.
# SLP: Started
# SLP: Elaboration phase ...
# SLP: Elaboration phase ... skipped, nothing to simulate in SLP mode : 0.0 [s]
# SLP: Finished : 0.0 [s]
# ELAB2: Elaboration final pass complete - time: 0.0 [s].
# KERNEL: Warning: You are using the Active-HDL Lattice Edition. The performance of simulation is running at a reduced rate.
# KERNEL: Warning: Contact Aldec for available upgrade options - sales@aldec.com.
# KERNEL: Kernel process initialization done.
# Allocation: Simulator allocated 7293 kB (elbread=1280 elab2=5860 kernel=152 sdf=0)
# KERNEL: ASDB file was created in location C:\fpga\projects\FxBox\i2s_slave_sim\src\wave.asdb
#  11:49 AM, Tuesday, September 25, 2018
#  Simulation has been initialized
# Waveform file 'untitled.awc' connected to 'C:/fpga/projects/FxBox/i2s_slave_sim/src/wave.asdb'.
run 100 us
# KERNEL: WARNING: NUMERIC_STD.TO_INTEGER: metavalue detected, returning 0
# KERNEL: Time: 0 ps,  Iteration: 0,  Instance: /testbench/I2SS,  Process: line__159.
# KERNEL: stopped at time: 100 us
