Active-HDL 10.3.3558.6081  2018-09-28 20:33:14

Elaboration top modules:
Architecture                  tb(testbench)


---------------------------------------------------------------------------------------------
Entity     | Architecture | Library | Info | Compiler Version          | Compilation Options
---------------------------------------------------------------------------------------------
testbench  | tb           | work    |      | 10.3.3558.6081  (Windows) | -dbg
i2s_master | rtl          | work    |      | 10.3.3558.6081  (Windows) | -dbg
---------------------------------------------------------------------------------------------

---------------------------------------------------------------------------------------------
VHDL Package              | Library | Info | Compiler Version          | Compilation Options
---------------------------------------------------------------------------------------------
standard                  | std     |      |                           | <unavailable>
TEXTIO                    | std     |      | 10.3.3558.6081  (Windows) |  -2008
std_logic_1164            | ieee    |      | 10.3.3558.6081  (Windows) |  -2008
fxbox_pkg                 | work    |      | 10.3.3558.6081  (Windows) | -dbg
NUMERIC_STD               | ieee    |      | 10.3.3558.6081  (Windows) |  -2008
MATH_REAL                 | ieee    |      | 10.3.3558.6081  (Windows) | <unavailable>
std_logic_arith           | ieee    |      | 10.3.3558.6081  (Windows) | <unavailable>
components                | machxo2 |      | 10.3.3558.6081  (Windows) | -vendor lattice
---------------------------------------------------------------------------------------------

---------------------------------------------------------------------------------------------
Library                   | Comment
---------------------------------------------------------------------------------------------
ieee                      | Standard IEEE packages library
machxo2                   | LATTICE Diamond 3.10, MACHXO2 VHDL LIBRARY
std                       | Standard VHDL library
work                      | None
---------------------------------------------------------------------------------------------
